[2021-01-05T18:27:21.364] [INFO] chatbot - Express server listening on port 8003
[2021-01-05T18:27:30.508] [INFO] chatbot - Input from user2020-01-01
[2021-01-05T18:27:30.509] [INFO] chatbot - last question asked Q2
[2021-01-05T18:27:33.080] [INFO] chatbot - Input from userTamilzh
[2021-01-05T18:27:33.081] [INFO] chatbot - last question asked Q3
[2021-01-05T18:27:38.582] [INFO] chatbot - Input from userabc02@gmail.com
[2021-01-05T18:27:38.583] [INFO] chatbot - Current Candidate Feedback Captured {"email":"abc02@gmail.com"}
[2021-01-05T18:27:38.596] [INFO] chatbot - Current Candidate Feedback Captured {"email":"abc02@gmail.com"}
[2021-01-05T18:27:38.597] [INFO] chatbot - Current Candidate Feedback Captured {"email":"abc02@gmail.com","candidateId":"5ff40236d7e8213684ccc1ad"}
[2021-01-05T18:27:38.597] [INFO] chatbot - last question asked Q4
[2021-01-05T18:27:40.515] [INFO] chatbot - Input from userYes
[2021-01-05T18:27:40.516] [INFO] chatbot - last question asked Q5
[2021-01-05T18:27:41.827] [INFO] chatbot - Input from user1
[2021-01-05T18:27:41.828] [INFO] chatbot - Current Candidate Feedback Captured {"email":"abc02@gmail.com","candidateId":"5ff40236d7e8213684ccc1ad","EducationalAndTraining":"Exceptional"}
[2021-01-05T18:27:41.828] [INFO] chatbot - last question asked Q6
[2021-01-05T18:27:42.133] [INFO] chatbot - Input from user1
[2021-01-05T18:27:42.134] [INFO] chatbot - Current Candidate Feedback Captured {"email":"abc02@gmail.com","candidateId":"5ff40236d7e8213684ccc1ad","EducationalAndTraining":"Exceptional","TechnicalSkills":"Exceptional"}
[2021-01-05T18:27:42.134] [INFO] chatbot - last question asked Q7
[2021-01-05T18:27:42.417] [INFO] chatbot - Input from user1
[2021-01-05T18:27:42.417] [INFO] chatbot - Current Candidate Feedback Captured {"email":"abc02@gmail.com","candidateId":"5ff40236d7e8213684ccc1ad","EducationalAndTraining":"Exceptional","TechnicalSkills":"Exceptional","CommunicationSkills":"Exceptional"}
[2021-01-05T18:27:42.417] [INFO] chatbot - last question asked Q8
[2021-01-05T18:27:42.702] [INFO] chatbot - Input from user1
[2021-01-05T18:27:42.703] [INFO] chatbot - Current Candidate Feedback Captured {"email":"abc02@gmail.com","candidateId":"5ff40236d7e8213684ccc1ad","EducationalAndTraining":"Exceptional","TechnicalSkills":"Exceptional","CommunicationSkills":"Exceptional","Overall":"Exceptional"}
[2021-01-05T18:27:42.708] [INFO] chatbot - feedback details inserted5ff43f1e00b8ba01b074f9fe
[2021-01-05T18:27:42.712] [INFO] chatbot - last question asked Q9
[2021-01-05T18:27:43.248] [INFO] chatbot - Input from user1
[2021-01-05T20:53:04.773] [INFO] chatbot - Express server listening on port 8003
[2021-01-05T21:05:50.633] [INFO] chatbot - Express server listening on port 8003
[2021-01-05T21:15:50.398] [INFO] chatbot - Input from userhi
[2021-01-05T21:16:36.666] [INFO] chatbot - Input from userhi
[2021-01-05T21:20:50.457] [INFO] chatbot - Input from userHi
[2021-01-05T21:22:15.246] [INFO] chatbot - Input from userhi
[2021-01-05T21:26:39.301] [INFO] chatbot - Input from userHi
[2021-01-05T22:34:33.282] [INFO] chatbot - Input from user2020-01-01
[2021-01-05T22:34:33.283] [INFO] chatbot - last question asked Q2
[2021-01-05T22:35:06.196] [INFO] chatbot - Input from user2020-01-01
[2021-01-05T22:35:06.196] [INFO] chatbot - last question asked Q2
[2021-01-05T22:35:28.753] [INFO] chatbot - Input from userTamil
[2021-01-05T22:35:28.753] [INFO] chatbot - last question asked Q3
[2021-01-05T22:35:39.278] [INFO] chatbot - Input from userabc03@gmail.com
[2021-01-05T22:35:39.356] [INFO] chatbot - Current Candidate Feedback Captured {"email":"abc03@gmail.com"}
[2021-01-05T22:35:39.482] [INFO] chatbot - Current Candidate Feedback Captured {"email":"abc03@gmail.com"}
[2021-01-05T22:35:39.484] [INFO] chatbot - Current Candidate Feedback Captured {"email":"abc03@gmail.com","candidateId":"5ff4024ed7e8213684ccc1ae"}
[2021-01-05T22:35:39.484] [INFO] chatbot - last question asked Q4
[2021-01-05T22:35:46.353] [INFO] chatbot - Input from userYes
[2021-01-05T22:35:46.353] [INFO] chatbot - last question asked Q5
[2021-01-05T22:35:50.711] [INFO] chatbot - Input from user1
[2021-01-05T22:35:50.711] [INFO] chatbot - Current Candidate Feedback Captured {"email":"abc03@gmail.com","candidateId":"5ff4024ed7e8213684ccc1ae","EducationalAndTraining":"Exceptional"}
[2021-01-05T22:35:50.711] [INFO] chatbot - last question asked Q6
[2021-01-05T22:35:51.319] [INFO] chatbot - Input from user1
[2021-01-05T22:35:51.319] [INFO] chatbot - Current Candidate Feedback Captured {"email":"abc03@gmail.com","candidateId":"5ff4024ed7e8213684ccc1ae","EducationalAndTraining":"Exceptional","TechnicalSkills":"Exceptional"}
[2021-01-05T22:35:51.319] [INFO] chatbot - last question asked Q7
[2021-01-05T22:35:51.780] [INFO] chatbot - Input from user1
[2021-01-05T22:35:51.780] [INFO] chatbot - Current Candidate Feedback Captured {"email":"abc03@gmail.com","candidateId":"5ff4024ed7e8213684ccc1ae","EducationalAndTraining":"Exceptional","TechnicalSkills":"Exceptional","CommunicationSkills":"Exceptional"}
[2021-01-05T22:35:51.780] [INFO] chatbot - last question asked Q8
[2021-01-05T22:35:52.156] [INFO] chatbot - Input from user1
[2021-01-05T22:35:52.156] [INFO] chatbot - Current Candidate Feedback Captured {"email":"abc03@gmail.com","candidateId":"5ff4024ed7e8213684ccc1ae","EducationalAndTraining":"Exceptional","TechnicalSkills":"Exceptional","CommunicationSkills":"Exceptional","Overall":"Exceptional"}
[2021-01-05T22:35:52.161] [INFO] chatbot - feedback details inserted5ff479489381b6414cb0dc5e
[2021-01-05T22:35:52.164] [INFO] chatbot - last question asked Q9
[2021-01-05T22:36:07.185] [INFO] chatbot - Input from userwelcome
[2021-01-05T22:36:19.311] [INFO] chatbot - Input from user2020-01-01
[2021-01-05T22:36:19.311] [INFO] chatbot - last question asked Q2
[2021-01-05T22:36:24.547] [INFO] chatbot - Input from user12
[2021-01-05T22:36:30.390] [INFO] chatbot - Input from userTamil
[2021-01-05T22:36:30.391] [INFO] chatbot - last question asked Q3
[2021-01-05T22:36:36.170] [INFO] chatbot - Input from userabc03@gmail.com
[2021-01-05T22:36:36.170] [INFO] chatbot - Current Candidate Feedback Captured {"email":"abc03@gmail.com","candidateId":"5ff4024ed7e8213684ccc1ae","EducationalAndTraining":"Exceptional","TechnicalSkills":"Exceptional","CommunicationSkills":"Exceptional","Overall":"Exceptional","_id":"5ff479489381b6414cb0dc5e"}
[2021-01-05T22:36:50.354] [INFO] chatbot - Input from userabc04@gmail
[2021-01-05T22:36:56.721] [INFO] chatbot - Input from userquit
[2021-01-05T22:40:49.141] [INFO] chatbot - Input from userok
[2021-01-05T22:42:20.507] [INFO] chatbot - Input from userok
[2021-01-05T22:42:21.806] [INFO] chatbot - Input from userok
